2018-07-21 09:29:47.888 [AsyncReporter(URLConnectionSender{encoding=THRIFT, messageMaxBytes=5242880, encoder=THRIFT, endpoint=http://localhost:9411/api/v1/spans, connectTimeout=10000, readTimeout=60000, compressionEnabled=false, mediaType=application/x-thrift})] WARN  [zipkin.reporter.AsyncReporter$BoundedAsyncReporter:266] [,] - Dropped 3 spans due to ConnectException(Connection refused (Connection refused))
java.net.ConnectException: Connection refused (Connection refused)
	at java.net.PlainSocketImpl.socketConnect(Native Method) ~[?:1.8.0_144]
	at java.net.AbstractPlainSocketImpl.doConnect(AbstractPlainSocketImpl.java:350) ~[?:1.8.0_144]
	at java.net.AbstractPlainSocketImpl.connectToAddress(AbstractPlainSocketImpl.java:206) ~[?:1.8.0_144]
	at java.net.AbstractPlainSocketImpl.connect(AbstractPlainSocketImpl.java:188) ~[?:1.8.0_144]
	at java.net.SocksSocketImpl.connect(SocksSocketImpl.java:392) ~[?:1.8.0_144]
	at java.net.Socket.connect(Socket.java:589) ~[?:1.8.0_144]
	at sun.net.NetworkClient.doConnect(NetworkClient.java:175) ~[?:1.8.0_144]
	at sun.net.www.http.HttpClient.openServer(HttpClient.java:463) ~[?:1.8.0_144]
	at sun.net.www.http.HttpClient.openServer(HttpClient.java:558) ~[?:1.8.0_144]
	at sun.net.www.http.HttpClient.<init>(HttpClient.java:242) ~[?:1.8.0_144]
	at sun.net.www.http.HttpClient.New(HttpClient.java:339) ~[?:1.8.0_144]
	at sun.net.www.http.HttpClient.New(HttpClient.java:357) ~[?:1.8.0_144]
	at sun.net.www.protocol.http.HttpURLConnection.getNewHttpClient(HttpURLConnection.java:1202) ~[?:1.8.0_144]
	at sun.net.www.protocol.http.HttpURLConnection.plainConnect0(HttpURLConnection.java:1138) ~[?:1.8.0_144]
	at sun.net.www.protocol.http.HttpURLConnection.plainConnect(HttpURLConnection.java:1032) ~[?:1.8.0_144]
	at sun.net.www.protocol.http.HttpURLConnection.connect(HttpURLConnection.java:966) ~[?:1.8.0_144]
	at sun.net.www.protocol.http.HttpURLConnection.getOutputStream0(HttpURLConnection.java:1316) ~[?:1.8.0_144]
	at sun.net.www.protocol.http.HttpURLConnection.getOutputStream(HttpURLConnection.java:1291) ~[?:1.8.0_144]
	at zipkin.reporter.urlconnection.URLConnectionSender.send(URLConnectionSender.java:172) ~[zipkin-sender-urlconnection-0.6.14.jar:?]
	at zipkin.reporter.urlconnection.URLConnectionSender.sendSpans(URLConnectionSender.java:133) ~[zipkin-sender-urlconnection-0.6.14.jar:?]
	at zipkin.reporter.AsyncReporter$BoundedAsyncReporter.flush(AsyncReporter.java:228) ~[zipkin-reporter-0.6.14.jar:?]
	at zipkin.reporter.AsyncReporter$Builder.lambda$build$0(AsyncReporter.java:153) ~[zipkin-reporter-0.6.14.jar:?]
	at zipkin.reporter.AsyncReporter$Builder$$Lambda$1.run(Unknown Source) ~[zipkin-reporter-0.6.14.jar:?]
	at java.lang.Thread.run(Thread.java:748) [?:1.8.0_144]
2018-07-21 09:29:48.890 [AsyncReporter(URLConnectionSender{encoding=THRIFT, messageMaxBytes=5242880, encoder=THRIFT, endpoint=http://localhost:9411/api/v1/spans, connectTimeout=10000, readTimeout=60000, compressionEnabled=false, mediaType=application/x-thrift})] WARN  [zipkin.reporter.AsyncReporter$BoundedAsyncReporter:266] [,] - Dropped 30 spans due to ConnectException(Connection refused (Connection refused))
java.net.ConnectException: Connection refused (Connection refused)
	at java.net.PlainSocketImpl.socketConnect(Native Method) ~[?:1.8.0_144]
	at java.net.AbstractPlainSocketImpl.doConnect(AbstractPlainSocketImpl.java:350) ~[?:1.8.0_144]
	at java.net.AbstractPlainSocketImpl.connectToAddress(AbstractPlainSocketImpl.java:206) ~[?:1.8.0_144]
	at java.net.AbstractPlainSocketImpl.connect(AbstractPlainSocketImpl.java:188) ~[?:1.8.0_144]
	at java.net.SocksSocketImpl.connect(SocksSocketImpl.java:392) ~[?:1.8.0_144]
	at java.net.Socket.connect(Socket.java:589) ~[?:1.8.0_144]
	at sun.net.NetworkClient.doConnect(NetworkClient.java:175) ~[?:1.8.0_144]
	at sun.net.www.http.HttpClient.openServer(HttpClient.java:463) ~[?:1.8.0_144]
	at sun.net.www.http.HttpClient.openServer(HttpClient.java:558) ~[?:1.8.0_144]
	at sun.net.www.http.HttpClient.<init>(HttpClient.java:242) ~[?:1.8.0_144]
	at sun.net.www.http.HttpClient.New(HttpClient.java:339) ~[?:1.8.0_144]
	at sun.net.www.http.HttpClient.New(HttpClient.java:357) ~[?:1.8.0_144]
	at sun.net.www.protocol.http.HttpURLConnection.getNewHttpClient(HttpURLConnection.java:1202) ~[?:1.8.0_144]
	at sun.net.www.protocol.http.HttpURLConnection.plainConnect0(HttpURLConnection.java:1138) ~[?:1.8.0_144]
	at sun.net.www.protocol.http.HttpURLConnection.plainConnect(HttpURLConnection.java:1032) ~[?:1.8.0_144]
	at sun.net.www.protocol.http.HttpURLConnection.connect(HttpURLConnection.java:966) ~[?:1.8.0_144]
	at sun.net.www.protocol.http.HttpURLConnection.getOutputStream0(HttpURLConnection.java:1316) ~[?:1.8.0_144]
	at sun.net.www.protocol.http.HttpURLConnection.getOutputStream(HttpURLConnection.java:1291) ~[?:1.8.0_144]
	at zipkin.reporter.urlconnection.URLConnectionSender.send(URLConnectionSender.java:172) ~[zipkin-sender-urlconnection-0.6.14.jar:?]
	at zipkin.reporter.urlconnection.URLConnectionSender.sendSpans(URLConnectionSender.java:133) ~[zipkin-sender-urlconnection-0.6.14.jar:?]
	at zipkin.reporter.AsyncReporter$BoundedAsyncReporter.flush(AsyncReporter.java:228) ~[zipkin-reporter-0.6.14.jar:?]
	at zipkin.reporter.AsyncReporter$Builder.lambda$build$0(AsyncReporter.java:153) ~[zipkin-reporter-0.6.14.jar:?]
	at zipkin.reporter.AsyncReporter$Builder$$Lambda$1.run(Unknown Source) ~[zipkin-reporter-0.6.14.jar:?]
	at java.lang.Thread.run(Thread.java:748) [?:1.8.0_144]
2018-07-21 09:29:50.900 [AsyncReporter(URLConnectionSender{encoding=THRIFT, messageMaxBytes=5242880, encoder=THRIFT, endpoint=http://localhost:9411/api/v1/spans, connectTimeout=10000, readTimeout=60000, compressionEnabled=false, mediaType=application/x-thrift})] WARN  [zipkin.reporter.AsyncReporter$BoundedAsyncReporter:266] [,] - Dropped 2 spans due to ConnectException(Connection refused (Connection refused))
java.net.ConnectException: Connection refused (Connection refused)
	at java.net.PlainSocketImpl.socketConnect(Native Method) ~[?:1.8.0_144]
	at java.net.AbstractPlainSocketImpl.doConnect(AbstractPlainSocketImpl.java:350) ~[?:1.8.0_144]
	at java.net.AbstractPlainSocketImpl.connectToAddress(AbstractPlainSocketImpl.java:206) ~[?:1.8.0_144]
	at java.net.AbstractPlainSocketImpl.connect(AbstractPlainSocketImpl.java:188) ~[?:1.8.0_144]
	at java.net.SocksSocketImpl.connect(SocksSocketImpl.java:392) ~[?:1.8.0_144]
	at java.net.Socket.connect(Socket.java:589) ~[?:1.8.0_144]
	at sun.net.NetworkClient.doConnect(NetworkClient.java:175) ~[?:1.8.0_144]
	at sun.net.www.http.HttpClient.openServer(HttpClient.java:463) ~[?:1.8.0_144]
	at sun.net.www.http.HttpClient.openServer(HttpClient.java:558) ~[?:1.8.0_144]
	at sun.net.www.http.HttpClient.<init>(HttpClient.java:242) ~[?:1.8.0_144]
	at sun.net.www.http.HttpClient.New(HttpClient.java:339) ~[?:1.8.0_144]
	at sun.net.www.http.HttpClient.New(HttpClient.java:357) ~[?:1.8.0_144]
	at sun.net.www.protocol.http.HttpURLConnection.getNewHttpClient(HttpURLConnection.java:1202) ~[?:1.8.0_144]
	at sun.net.www.protocol.http.HttpURLConnection.plainConnect0(HttpURLConnection.java:1138) ~[?:1.8.0_144]
	at sun.net.www.protocol.http.HttpURLConnection.plainConnect(HttpURLConnection.java:1032) ~[?:1.8.0_144]
	at sun.net.www.protocol.http.HttpURLConnection.connect(HttpURLConnection.java:966) ~[?:1.8.0_144]
	at sun.net.www.protocol.http.HttpURLConnection.getOutputStream0(HttpURLConnection.java:1316) ~[?:1.8.0_144]
	at sun.net.www.protocol.http.HttpURLConnection.getOutputStream(HttpURLConnection.java:1291) ~[?:1.8.0_144]
	at zipkin.reporter.urlconnection.URLConnectionSender.send(URLConnectionSender.java:172) ~[zipkin-sender-urlconnection-0.6.14.jar:?]
	at zipkin.reporter.urlconnection.URLConnectionSender.sendSpans(URLConnectionSender.java:133) ~[zipkin-sender-urlconnection-0.6.14.jar:?]
	at zipkin.reporter.AsyncReporter$BoundedAsyncReporter.flush(AsyncReporter.java:228) ~[zipkin-reporter-0.6.14.jar:?]
	at zipkin.reporter.AsyncReporter$Builder.lambda$build$0(AsyncReporter.java:153) ~[zipkin-reporter-0.6.14.jar:?]
	at zipkin.reporter.AsyncReporter$Builder$$Lambda$1.run(Unknown Source) ~[zipkin-reporter-0.6.14.jar:?]
	at java.lang.Thread.run(Thread.java:748) [?:1.8.0_144]
2018-07-21 09:29:52.903 [AsyncReporter(URLConnectionSender{encoding=THRIFT, messageMaxBytes=5242880, encoder=THRIFT, endpoint=http://localhost:9411/api/v1/spans, connectTimeout=10000, readTimeout=60000, compressionEnabled=false, mediaType=application/x-thrift})] WARN  [zipkin.reporter.AsyncReporter$BoundedAsyncReporter:266] [,] - Dropped 26 spans due to ConnectException(Connection refused (Connection refused))
java.net.ConnectException: Connection refused (Connection refused)
	at java.net.PlainSocketImpl.socketConnect(Native Method) ~[?:1.8.0_144]
	at java.net.AbstractPlainSocketImpl.doConnect(AbstractPlainSocketImpl.java:350) ~[?:1.8.0_144]
	at java.net.AbstractPlainSocketImpl.connectToAddress(AbstractPlainSocketImpl.java:206) ~[?:1.8.0_144]
	at java.net.AbstractPlainSocketImpl.connect(AbstractPlainSocketImpl.java:188) ~[?:1.8.0_144]
	at java.net.SocksSocketImpl.connect(SocksSocketImpl.java:392) ~[?:1.8.0_144]
	at java.net.Socket.connect(Socket.java:589) ~[?:1.8.0_144]
	at sun.net.NetworkClient.doConnect(NetworkClient.java:175) ~[?:1.8.0_144]
	at sun.net.www.http.HttpClient.openServer(HttpClient.java:463) ~[?:1.8.0_144]
	at sun.net.www.http.HttpClient.openServer(HttpClient.java:558) ~[?:1.8.0_144]
	at sun.net.www.http.HttpClient.<init>(HttpClient.java:242) ~[?:1.8.0_144]
	at sun.net.www.http.HttpClient.New(HttpClient.java:339) ~[?:1.8.0_144]
	at sun.net.www.http.HttpClient.New(HttpClient.java:357) ~[?:1.8.0_144]
	at sun.net.www.protocol.http.HttpURLConnection.getNewHttpClient(HttpURLConnection.java:1202) ~[?:1.8.0_144]
	at sun.net.www.protocol.http.HttpURLConnection.plainConnect0(HttpURLConnection.java:1138) ~[?:1.8.0_144]
	at sun.net.www.protocol.http.HttpURLConnection.plainConnect(HttpURLConnection.java:1032) ~[?:1.8.0_144]
	at sun.net.www.protocol.http.HttpURLConnection.connect(HttpURLConnection.java:966) ~[?:1.8.0_144]
	at sun.net.www.protocol.http.HttpURLConnection.getOutputStream0(HttpURLConnection.java:1316) ~[?:1.8.0_144]
	at sun.net.www.protocol.http.HttpURLConnection.getOutputStream(HttpURLConnection.java:1291) ~[?:1.8.0_144]
	at zipkin.reporter.urlconnection.URLConnectionSender.send(URLConnectionSender.java:172) ~[zipkin-sender-urlconnection-0.6.14.jar:?]
	at zipkin.reporter.urlconnection.URLConnectionSender.sendSpans(URLConnectionSender.java:133) ~[zipkin-sender-urlconnection-0.6.14.jar:?]
	at zipkin.reporter.AsyncReporter$BoundedAsyncReporter.flush(AsyncReporter.java:228) ~[zipkin-reporter-0.6.14.jar:?]
	at zipkin.reporter.AsyncReporter$Builder.lambda$build$0(AsyncReporter.java:153) ~[zipkin-reporter-0.6.14.jar:?]
	at zipkin.reporter.AsyncReporter$Builder$$Lambda$1.run(Unknown Source) ~[zipkin-reporter-0.6.14.jar:?]
	at java.lang.Thread.run(Thread.java:748) [?:1.8.0_144]
2018-07-21 09:29:55.907 [AsyncReporter(URLConnectionSender{encoding=THRIFT, messageMaxBytes=5242880, encoder=THRIFT, endpoint=http://localhost:9411/api/v1/spans, connectTimeout=10000, readTimeout=60000, compressionEnabled=false, mediaType=application/x-thrift})] WARN  [zipkin.reporter.AsyncReporter$BoundedAsyncReporter:266] [,] - Dropped 4 spans due to ConnectException(Connection refused (Connection refused))
java.net.ConnectException: Connection refused (Connection refused)
	at java.net.PlainSocketImpl.socketConnect(Native Method) ~[?:1.8.0_144]
	at java.net.AbstractPlainSocketImpl.doConnect(AbstractPlainSocketImpl.java:350) ~[?:1.8.0_144]
	at java.net.AbstractPlainSocketImpl.connectToAddress(AbstractPlainSocketImpl.java:206) ~[?:1.8.0_144]
	at java.net.AbstractPlainSocketImpl.connect(AbstractPlainSocketImpl.java:188) ~[?:1.8.0_144]
	at java.net.SocksSocketImpl.connect(SocksSocketImpl.java:392) ~[?:1.8.0_144]
	at java.net.Socket.connect(Socket.java:589) ~[?:1.8.0_144]
	at sun.net.NetworkClient.doConnect(NetworkClient.java:175) ~[?:1.8.0_144]
	at sun.net.www.http.HttpClient.openServer(HttpClient.java:463) ~[?:1.8.0_144]
	at sun.net.www.http.HttpClient.openServer(HttpClient.java:558) ~[?:1.8.0_144]
	at sun.net.www.http.HttpClient.<init>(HttpClient.java:242) ~[?:1.8.0_144]
	at sun.net.www.http.HttpClient.New(HttpClient.java:339) ~[?:1.8.0_144]
	at sun.net.www.http.HttpClient.New(HttpClient.java:357) ~[?:1.8.0_144]
	at sun.net.www.protocol.http.HttpURLConnection.getNewHttpClient(HttpURLConnection.java:1202) ~[?:1.8.0_144]
	at sun.net.www.protocol.http.HttpURLConnection.plainConnect0(HttpURLConnection.java:1138) ~[?:1.8.0_144]
	at sun.net.www.protocol.http.HttpURLConnection.plainConnect(HttpURLConnection.java:1032) ~[?:1.8.0_144]
	at sun.net.www.protocol.http.HttpURLConnection.connect(HttpURLConnection.java:966) ~[?:1.8.0_144]
	at sun.net.www.protocol.http.HttpURLConnection.getOutputStream0(HttpURLConnection.java:1316) ~[?:1.8.0_144]
	at sun.net.www.protocol.http.HttpURLConnection.getOutputStream(HttpURLConnection.java:1291) ~[?:1.8.0_144]
	at zipkin.reporter.urlconnection.URLConnectionSender.send(URLConnectionSender.java:172) ~[zipkin-sender-urlconnection-0.6.14.jar:?]
	at zipkin.reporter.urlconnection.URLConnectionSender.sendSpans(URLConnectionSender.java:133) ~[zipkin-sender-urlconnection-0.6.14.jar:?]
	at zipkin.reporter.AsyncReporter$BoundedAsyncReporter.flush(AsyncReporter.java:228) ~[zipkin-reporter-0.6.14.jar:?]
	at zipkin.reporter.AsyncReporter$Builder.lambda$build$0(AsyncReporter.java:153) ~[zipkin-reporter-0.6.14.jar:?]
	at zipkin.reporter.AsyncReporter$Builder$$Lambda$1.run(Unknown Source) ~[zipkin-reporter-0.6.14.jar:?]
	at java.lang.Thread.run(Thread.java:748) [?:1.8.0_144]
2018-07-21 09:29:58.918 [AsyncReporter(URLConnectionSender{encoding=THRIFT, messageMaxBytes=5242880, encoder=THRIFT, endpoint=http://localhost:9411/api/v1/spans, connectTimeout=10000, readTimeout=60000, compressionEnabled=false, mediaType=application/x-thrift})] WARN  [zipkin.reporter.AsyncReporter$BoundedAsyncReporter:266] [,] - Dropped 5 spans due to ConnectException(Connection refused (Connection refused))
java.net.ConnectException: Connection refused (Connection refused)
	at java.net.PlainSocketImpl.socketConnect(Native Method) ~[?:1.8.0_144]
	at java.net.AbstractPlainSocketImpl.doConnect(AbstractPlainSocketImpl.java:350) ~[?:1.8.0_144]
	at java.net.AbstractPlainSocketImpl.connectToAddress(AbstractPlainSocketImpl.java:206) ~[?:1.8.0_144]
	at java.net.AbstractPlainSocketImpl.connect(AbstractPlainSocketImpl.java:188) ~[?:1.8.0_144]
	at java.net.SocksSocketImpl.connect(SocksSocketImpl.java:392) ~[?:1.8.0_144]
	at java.net.Socket.connect(Socket.java:589) ~[?:1.8.0_144]
	at sun.net.NetworkClient.doConnect(NetworkClient.java:175) ~[?:1.8.0_144]
	at sun.net.www.http.HttpClient.openServer(HttpClient.java:463) ~[?:1.8.0_144]
	at sun.net.www.http.HttpClient.openServer(HttpClient.java:558) ~[?:1.8.0_144]
	at sun.net.www.http.HttpClient.<init>(HttpClient.java:242) ~[?:1.8.0_144]
	at sun.net.www.http.HttpClient.New(HttpClient.java:339) ~[?:1.8.0_144]
	at sun.net.www.http.HttpClient.New(HttpClient.java:357) ~[?:1.8.0_144]
	at sun.net.www.protocol.http.HttpURLConnection.getNewHttpClient(HttpURLConnection.java:1202) ~[?:1.8.0_144]
	at sun.net.www.protocol.http.HttpURLConnection.plainConnect0(HttpURLConnection.java:1138) ~[?:1.8.0_144]
	at sun.net.www.protocol.http.HttpURLConnection.plainConnect(HttpURLConnection.java:1032) ~[?:1.8.0_144]
	at sun.net.www.protocol.http.HttpURLConnection.connect(HttpURLConnection.java:966) ~[?:1.8.0_144]
	at sun.net.www.protocol.http.HttpURLConnection.getOutputStream0(HttpURLConnection.java:1316) ~[?:1.8.0_144]
	at sun.net.www.protocol.http.HttpURLConnection.getOutputStream(HttpURLConnection.java:1291) ~[?:1.8.0_144]
	at zipkin.reporter.urlconnection.URLConnectionSender.send(URLConnectionSender.java:172) ~[zipkin-sender-urlconnection-0.6.14.jar:?]
	at zipkin.reporter.urlconnection.URLConnectionSender.sendSpans(URLConnectionSender.java:133) ~[zipkin-sender-urlconnection-0.6.14.jar:?]
	at zipkin.reporter.AsyncReporter$BoundedAsyncReporter.flush(AsyncReporter.java:228) ~[zipkin-reporter-0.6.14.jar:?]
	at zipkin.reporter.AsyncReporter$Builder.lambda$build$0(AsyncReporter.java:153) ~[zipkin-reporter-0.6.14.jar:?]
	at zipkin.reporter.AsyncReporter$Builder$$Lambda$1.run(Unknown Source) ~[zipkin-reporter-0.6.14.jar:?]
	at java.lang.Thread.run(Thread.java:748) [?:1.8.0_144]
2018-07-21 09:30:09.954 [AsyncReporter(URLConnectionSender{encoding=THRIFT, messageMaxBytes=5242880, encoder=THRIFT, endpoint=http://localhost:9411/api/v1/spans, connectTimeout=10000, readTimeout=60000, compressionEnabled=false, mediaType=application/x-thrift})] WARN  [zipkin.reporter.AsyncReporter$BoundedAsyncReporter:266] [,] - Dropped 4 spans due to ConnectException(Connection refused (Connection refused))
java.net.ConnectException: Connection refused (Connection refused)
	at java.net.PlainSocketImpl.socketConnect(Native Method) ~[?:1.8.0_144]
	at java.net.AbstractPlainSocketImpl.doConnect(AbstractPlainSocketImpl.java:350) ~[?:1.8.0_144]
	at java.net.AbstractPlainSocketImpl.connectToAddress(AbstractPlainSocketImpl.java:206) ~[?:1.8.0_144]
	at java.net.AbstractPlainSocketImpl.connect(AbstractPlainSocketImpl.java:188) ~[?:1.8.0_144]
	at java.net.SocksSocketImpl.connect(SocksSocketImpl.java:392) ~[?:1.8.0_144]
	at java.net.Socket.connect(Socket.java:589) ~[?:1.8.0_144]
	at sun.net.NetworkClient.doConnect(NetworkClient.java:175) ~[?:1.8.0_144]
	at sun.net.www.http.HttpClient.openServer(HttpClient.java:463) ~[?:1.8.0_144]
	at sun.net.www.http.HttpClient.openServer(HttpClient.java:558) ~[?:1.8.0_144]
	at sun.net.www.http.HttpClient.<init>(HttpClient.java:242) ~[?:1.8.0_144]
	at sun.net.www.http.HttpClient.New(HttpClient.java:339) ~[?:1.8.0_144]
	at sun.net.www.http.HttpClient.New(HttpClient.java:357) ~[?:1.8.0_144]
	at sun.net.www.protocol.http.HttpURLConnection.getNewHttpClient(HttpURLConnection.java:1202) ~[?:1.8.0_144]
	at sun.net.www.protocol.http.HttpURLConnection.plainConnect0(HttpURLConnection.java:1138) ~[?:1.8.0_144]
	at sun.net.www.protocol.http.HttpURLConnection.plainConnect(HttpURLConnection.java:1032) ~[?:1.8.0_144]
	at sun.net.www.protocol.http.HttpURLConnection.connect(HttpURLConnection.java:966) ~[?:1.8.0_144]
	at sun.net.www.protocol.http.HttpURLConnection.getOutputStream0(HttpURLConnection.java:1316) ~[?:1.8.0_144]
	at sun.net.www.protocol.http.HttpURLConnection.getOutputStream(HttpURLConnection.java:1291) ~[?:1.8.0_144]
	at zipkin.reporter.urlconnection.URLConnectionSender.send(URLConnectionSender.java:172) ~[zipkin-sender-urlconnection-0.6.14.jar:?]
	at zipkin.reporter.urlconnection.URLConnectionSender.sendSpans(URLConnectionSender.java:133) ~[zipkin-sender-urlconnection-0.6.14.jar:?]
	at zipkin.reporter.AsyncReporter$BoundedAsyncReporter.flush(AsyncReporter.java:228) ~[zipkin-reporter-0.6.14.jar:?]
	at zipkin.reporter.AsyncReporter$Builder.lambda$build$0(AsyncReporter.java:153) ~[zipkin-reporter-0.6.14.jar:?]
	at zipkin.reporter.AsyncReporter$Builder$$Lambda$1.run(Unknown Source) ~[zipkin-reporter-0.6.14.jar:?]
	at java.lang.Thread.run(Thread.java:748) [?:1.8.0_144]
2018-07-21 09:30:11.968 [AsyncReporter(URLConnectionSender{encoding=THRIFT, messageMaxBytes=5242880, encoder=THRIFT, endpoint=http://localhost:9411/api/v1/spans, connectTimeout=10000, readTimeout=60000, compressionEnabled=false, mediaType=application/x-thrift})] WARN  [zipkin.reporter.AsyncReporter$BoundedAsyncReporter:266] [,] - Dropped 6 spans due to ConnectException(Connection refused (Connection refused))
java.net.ConnectException: Connection refused (Connection refused)
	at java.net.PlainSocketImpl.socketConnect(Native Method) ~[?:1.8.0_144]
	at java.net.AbstractPlainSocketImpl.doConnect(AbstractPlainSocketImpl.java:350) ~[?:1.8.0_144]
	at java.net.AbstractPlainSocketImpl.connectToAddress(AbstractPlainSocketImpl.java:206) ~[?:1.8.0_144]
	at java.net.AbstractPlainSocketImpl.connect(AbstractPlainSocketImpl.java:188) ~[?:1.8.0_144]
	at java.net.SocksSocketImpl.connect(SocksSocketImpl.java:392) ~[?:1.8.0_144]
	at java.net.Socket.connect(Socket.java:589) ~[?:1.8.0_144]
	at sun.net.NetworkClient.doConnect(NetworkClient.java:175) ~[?:1.8.0_144]
	at sun.net.www.http.HttpClient.openServer(HttpClient.java:463) ~[?:1.8.0_144]
	at sun.net.www.http.HttpClient.openServer(HttpClient.java:558) ~[?:1.8.0_144]
	at sun.net.www.http.HttpClient.<init>(HttpClient.java:242) ~[?:1.8.0_144]
	at sun.net.www.http.HttpClient.New(HttpClient.java:339) ~[?:1.8.0_144]
	at sun.net.www.http.HttpClient.New(HttpClient.java:357) ~[?:1.8.0_144]
	at sun.net.www.protocol.http.HttpURLConnection.getNewHttpClient(HttpURLConnection.java:1202) ~[?:1.8.0_144]
	at sun.net.www.protocol.http.HttpURLConnection.plainConnect0(HttpURLConnection.java:1138) ~[?:1.8.0_144]
	at sun.net.www.protocol.http.HttpURLConnection.plainConnect(HttpURLConnection.java:1032) ~[?:1.8.0_144]
	at sun.net.www.protocol.http.HttpURLConnection.connect(HttpURLConnection.java:966) ~[?:1.8.0_144]
	at sun.net.www.protocol.http.HttpURLConnection.getOutputStream0(HttpURLConnection.java:1316) ~[?:1.8.0_144]
	at sun.net.www.protocol.http.HttpURLConnection.getOutputStream(HttpURLConnection.java:1291) ~[?:1.8.0_144]
	at zipkin.reporter.urlconnection.URLConnectionSender.send(URLConnectionSender.java:172) ~[zipkin-sender-urlconnection-0.6.14.jar:?]
	at zipkin.reporter.urlconnection.URLConnectionSender.sendSpans(URLConnectionSender.java:133) ~[zipkin-sender-urlconnection-0.6.14.jar:?]
	at zipkin.reporter.AsyncReporter$BoundedAsyncReporter.flush(AsyncReporter.java:228) ~[zipkin-reporter-0.6.14.jar:?]
	at zipkin.reporter.AsyncReporter$Builder.lambda$build$0(AsyncReporter.java:153) ~[zipkin-reporter-0.6.14.jar:?]
	at zipkin.reporter.AsyncReporter$Builder$$Lambda$1.run(Unknown Source) ~[zipkin-reporter-0.6.14.jar:?]
	at java.lang.Thread.run(Thread.java:748) [?:1.8.0_144]
