2018-07-21 09:29:47.584  [http-nio-8084-exec-1] DEBUG [com.mooc.house.hsrv.mapper.HouseMapper.selectHouse:] [263c12bd36a31bbc,2fe2f777eecf1639] - ==>  Preparing: select a.id , a.type, a.name, a.price, a.images , a.area , a.beds , a.baths , a.rating , a.remarks , a.properties , a.floor_plan , a.tags , a.create_time , a.city_id , a.community_id , a.address, a.state, b.user_id from house a inner join ( select house_id,user_id from house_user WHERE type = 1 ) b on a.id = b.house_id WHERE state = 1 order by a.create_time desc limit ?, ? 
2018-07-21 09:29:47.587  [http-nio-8084-exec-1] DEBUG [com.mooc.house.hsrv.mapper.HouseMapper.selectHouse:] [263c12bd36a31bbc,2fe2f777eecf1639] - ==> Parameters: 0(Integer), 8(Integer)
2018-07-21 09:29:47.595  [http-nio-8084-exec-1] DEBUG [com.mooc.house.hsrv.mapper.HouseMapper.selectHouse:] [263c12bd36a31bbc,2fe2f777eecf1639] - <==      Total: 6
2018-07-21 09:29:52.161  [http-nio-8084-exec-2] DEBUG [com.mooc.house.hsrv.mapper.HouseMapper.selectHouse:] [3d10a469ae2d82ca,0b65024138ed005e] - ==>  Preparing: select a.id , a.type, a.name, a.price, a.images , a.area , a.beds , a.baths , a.rating , a.remarks , a.properties , a.floor_plan , a.tags , a.create_time , a.city_id , a.community_id , a.address, a.state, b.user_id from house a inner join ( select house_id,user_id from house_user WHERE type = 1 ) b on a.id = b.house_id WHERE state = 1 order by a.create_time desc limit ?, ? 
2018-07-21 09:29:52.162  [http-nio-8084-exec-2] DEBUG [com.mooc.house.hsrv.mapper.HouseMapper.selectHouse:] [3d10a469ae2d82ca,0b65024138ed005e] - ==> Parameters: 0(Integer), 8(Integer)
2018-07-21 09:29:52.168  [http-nio-8084-exec-2] DEBUG [com.mooc.house.hsrv.mapper.HouseMapper.selectHouse:] [3d10a469ae2d82ca,0b65024138ed005e] - <==      Total: 6
2018-07-21 09:29:55.761  [http-nio-8084-exec-3] DEBUG [com.mooc.house.hsrv.mapper.HouseMapper.selectHouse:] [193a9ddb2136b288,9846d7603bde8049] - ==>  Preparing: select a.id , a.type, a.name, a.price, a.images , a.area , a.beds , a.baths , a.rating , a.remarks , a.properties , a.floor_plan , a.tags , a.create_time , a.city_id , a.community_id , a.address, a.state, b.user_id from house a inner join ( select house_id,user_id from house_user WHERE type = 1 ) b on a.id = b.house_id WHERE state = 1 and id in ( ? , ? ) order by a.create_time desc limit ?, ? 
2018-07-21 09:29:55.762  [http-nio-8084-exec-3] DEBUG [com.mooc.house.hsrv.mapper.HouseMapper.selectHouse:] [193a9ddb2136b288,9846d7603bde8049] - ==> Parameters: 23(Long), 26(Long), 0(Integer), 3(Integer)
2018-07-21 09:29:55.767  [http-nio-8084-exec-3] DEBUG [com.mooc.house.hsrv.mapper.HouseMapper.selectHouse:] [193a9ddb2136b288,9846d7603bde8049] - <==      Total: 2
2018-07-21 09:29:58.789  [http-nio-8084-exec-4] DEBUG [com.mooc.house.hsrv.mapper.HouseMapper.selectHouse:] [d740050f0e32959b,1da4899f60056223] - ==>  Preparing: select a.id , a.type, a.name, a.price, a.images , a.area , a.beds , a.baths , a.rating , a.remarks , a.properties , a.floor_plan , a.tags , a.create_time , a.city_id , a.community_id , a.address, a.state, b.user_id from house a inner join ( select house_id,user_id from house_user WHERE type = 1 ) b on a.id = b.house_id WHERE state = 1 and id in ( ? , ? ) order by a.create_time desc limit ?, ? 
2018-07-21 09:29:58.791  [http-nio-8084-exec-4] DEBUG [com.mooc.house.hsrv.mapper.HouseMapper.selectHouse:] [d740050f0e32959b,1da4899f60056223] - ==> Parameters: 23(Long), 26(Long), 0(Integer), 3(Integer)
2018-07-21 09:29:58.793  [http-nio-8084-exec-4] DEBUG [com.mooc.house.hsrv.mapper.HouseMapper.selectHouse:] [d740050f0e32959b,1da4899f60056223] - <==      Total: 2
2018-07-21 09:30:09.497  [http-nio-8084-exec-5] DEBUG [com.mooc.house.hsrv.mapper.HouseMapper.selectHouse:] [e528bc3e2aa0c96c,f868f111c495587b] - ==>  Preparing: select a.id , a.type, a.name, a.price, a.images , a.area , a.beds , a.baths , a.rating , a.remarks , a.properties , a.floor_plan , a.tags , a.create_time , a.city_id , a.community_id , a.address, a.state, b.user_id from house a inner join ( select house_id,user_id from house_user WHERE type = 1 ) b on a.id = b.house_id WHERE state = 1 and a.type = ? order by a.create_time desc limit ?, ? 
2018-07-21 09:30:09.498  [http-nio-8084-exec-5] DEBUG [com.mooc.house.hsrv.mapper.HouseMapper.selectHouse:] [e528bc3e2aa0c96c,f868f111c495587b] - ==> Parameters: 2(Integer), 0(Integer), 2(Integer)
2018-07-21 09:30:09.500  [http-nio-8084-exec-5] DEBUG [com.mooc.house.hsrv.mapper.HouseMapper.selectHouse:] [e528bc3e2aa0c96c,f868f111c495587b] - <==      Total: 1
2018-07-21 09:30:09.502  [http-nio-8084-exec-5] DEBUG [com.mooc.house.hsrv.mapper.HouseMapper.selectHouseCount:] [e528bc3e2aa0c96c,f868f111c495587b] - ==>  Preparing: select count(id) from house a inner join ( select house_id,user_id from house_user WHERE type = 1 ) b on a.id = b.house_id WHERE state = 1 and a.type = ? 
2018-07-21 09:30:09.503  [http-nio-8084-exec-5] DEBUG [com.mooc.house.hsrv.mapper.HouseMapper.selectHouseCount:] [e528bc3e2aa0c96c,f868f111c495587b] - ==> Parameters: 2(Integer)
2018-07-21 09:30:09.505  [http-nio-8084-exec-5] DEBUG [com.mooc.house.hsrv.mapper.HouseMapper.selectHouseCount:] [e528bc3e2aa0c96c,f868f111c495587b] - <==      Total: 1
2018-07-21 09:30:09.519  [http-nio-8084-exec-6] DEBUG [com.mooc.house.hsrv.mapper.HouseMapper.selectHouse:] [e528bc3e2aa0c96c,957d2bcc3d56243d] - ==>  Preparing: select a.id , a.type, a.name, a.price, a.images , a.area , a.beds , a.baths , a.rating , a.remarks , a.properties , a.floor_plan , a.tags , a.create_time , a.city_id , a.community_id , a.address, a.state, b.user_id from house a inner join ( select house_id,user_id from house_user WHERE type = 1 ) b on a.id = b.house_id WHERE state = 1 and id in ( ? , ? ) order by a.create_time desc limit ?, ? 
2018-07-21 09:30:09.520  [http-nio-8084-exec-6] DEBUG [com.mooc.house.hsrv.mapper.HouseMapper.selectHouse:] [e528bc3e2aa0c96c,957d2bcc3d56243d] - ==> Parameters: 23(Long), 26(Long), 0(Integer), 3(Integer)
2018-07-21 09:30:09.526  [http-nio-8084-exec-6] DEBUG [com.mooc.house.hsrv.mapper.HouseMapper.selectHouse:] [e528bc3e2aa0c96c,957d2bcc3d56243d] - <==      Total: 2
2018-07-21 09:30:11.815  [http-nio-8084-exec-7] DEBUG [com.mooc.house.hsrv.mapper.HouseMapper.selectHouse:] [3c898482f3fdd92d,439e7bfbb97b9581] - ==>  Preparing: select a.id , a.type, a.name, a.price, a.images , a.area , a.beds , a.baths , a.rating , a.remarks , a.properties , a.floor_plan , a.tags , a.create_time , a.city_id , a.community_id , a.address, a.state, b.user_id from house a inner join ( select house_id,user_id from house_user WHERE type = 1 ) b on a.id = b.house_id WHERE state = 1 and a.id = ? order by a.create_time desc limit ?, ? 
2018-07-21 09:30:11.816  [http-nio-8084-exec-7] DEBUG [com.mooc.house.hsrv.mapper.HouseMapper.selectHouse:] [3c898482f3fdd92d,439e7bfbb97b9581] - ==> Parameters: 25(Long), 0(Integer), 1(Integer)
2018-07-21 09:30:11.818  [http-nio-8084-exec-7] DEBUG [com.mooc.house.hsrv.mapper.HouseMapper.selectHouse:] [3c898482f3fdd92d,439e7bfbb97b9581] - <==      Total: 1
2018-07-21 09:30:11.874  [http-nio-8084-exec-8] DEBUG [com.mooc.house.hsrv.mapper.HouseMapper.selectHouse:] [3c898482f3fdd92d,4e438b39b06a29a2] - ==>  Preparing: select a.id , a.type, a.name, a.price, a.images , a.area , a.beds , a.baths , a.rating , a.remarks , a.properties , a.floor_plan , a.tags , a.create_time , a.city_id , a.community_id , a.address, a.state, b.user_id from house a inner join ( select house_id,user_id from house_user WHERE type = 1 ) b on a.id = b.house_id WHERE state = 1 and id in ( ? , ? , ? ) order by a.create_time desc limit ?, ? 
2018-07-21 09:30:11.875  [http-nio-8084-exec-8] DEBUG [com.mooc.house.hsrv.mapper.HouseMapper.selectHouse:] [3c898482f3fdd92d,4e438b39b06a29a2] - ==> Parameters: 23(Long), 26(Long), 25(Long), 0(Integer), 3(Integer)
2018-07-21 09:30:11.878  [http-nio-8084-exec-8] DEBUG [com.mooc.house.hsrv.mapper.HouseMapper.selectHouse:] [3c898482f3fdd92d,4e438b39b06a29a2] - <==      Total: 3
