2018-07-21 09:29:52.098  [http-nio-8083-exec-3] DEBUG [com.mooc.house.user.mapper.UserMapper.select:] [501629c5897097a3,775b55a0dc433347] - ==>  Preparing: select id, name, phone, email, aboutme, passwd, avatar, type, create_time, enable, agency_id from user WHERE email = ? and passwd = ? and enable = ? 
2018-07-21 09:29:52.103  [http-nio-8083-exec-3] DEBUG [com.mooc.house.user.mapper.UserMapper.select:] [501629c5897097a3,775b55a0dc433347] - ==> Parameters: hkruni@163.com(String), 9774f20408063cc19ac79e8afff1b59e(String), 1(Integer)
2018-07-21 09:29:52.108  [http-nio-8083-exec-3] DEBUG [com.mooc.house.user.mapper.UserMapper.select:] [501629c5897097a3,775b55a0dc433347] - <==      Total: 1
2018-07-21 09:29:52.143  [http-nio-8083-exec-4] DEBUG [com.mooc.house.user.mapper.UserMapper.select:] [3d10a469ae2d82ca,4b27cbf3318aeb82] - ==>  Preparing: select id, name, phone, email, aboutme, passwd, avatar, type, create_time, enable, agency_id from user WHERE email = ? 
2018-07-21 09:29:52.144  [http-nio-8083-exec-4] DEBUG [com.mooc.house.user.mapper.UserMapper.select:] [3d10a469ae2d82ca,4b27cbf3318aeb82] - ==> Parameters: hkruni@163.com(String)
2018-07-21 09:29:52.145  [http-nio-8083-exec-4] DEBUG [com.mooc.house.user.mapper.UserMapper.select:] [3d10a469ae2d82ca,4b27cbf3318aeb82] - <==      Total: 1
2018-07-21 09:29:55.383  [http-nio-8083-exec-5] DEBUG [com.mooc.house.user.mapper.UserMapper.select:] [193a9ddb2136b288,34aedfbb61d8e049] - ==>  Preparing: select id, name, phone, email, aboutme, passwd, avatar, type, create_time, enable, agency_id from user WHERE email = ? 
2018-07-21 09:29:55.384  [http-nio-8083-exec-5] DEBUG [com.mooc.house.user.mapper.UserMapper.select:] [193a9ddb2136b288,34aedfbb61d8e049] - ==> Parameters: hkruni@163.com(String)
2018-07-21 09:29:55.386  [http-nio-8083-exec-5] DEBUG [com.mooc.house.user.mapper.UserMapper.select:] [193a9ddb2136b288,34aedfbb61d8e049] - <==      Total: 1
2018-07-21 09:29:58.618  [http-nio-8083-exec-6] DEBUG [com.mooc.house.user.mapper.UserMapper.select:] [d740050f0e32959b,5de07656b606a4d5] - ==>  Preparing: select id, name, phone, email, aboutme, passwd, avatar, type, create_time, enable, agency_id from user WHERE email = ? 
2018-07-21 09:29:58.619  [http-nio-8083-exec-6] DEBUG [com.mooc.house.user.mapper.UserMapper.select:] [d740050f0e32959b,5de07656b606a4d5] - ==> Parameters: hkruni@163.com(String)
2018-07-21 09:29:58.622  [http-nio-8083-exec-6] DEBUG [com.mooc.house.user.mapper.UserMapper.select:] [d740050f0e32959b,5de07656b606a4d5] - <==      Total: 1
2018-07-21 09:29:58.699  [http-nio-8083-exec-7] DEBUG [com.mooc.house.user.mapper.UserMapper.selectById:] [d740050f0e32959b,ef3fc74a8d45e5e4] - ==>  Preparing: select id, name, phone, email, aboutme, passwd, avatar, type, create_time, enable, agency_id from user where id = ? 
2018-07-21 09:29:58.699  [http-nio-8083-exec-7] DEBUG [com.mooc.house.user.mapper.UserMapper.selectById:] [d740050f0e32959b,ef3fc74a8d45e5e4] - ==> Parameters: 38(Long)
2018-07-21 09:29:58.702  [http-nio-8083-exec-7] DEBUG [com.mooc.house.user.mapper.UserMapper.selectById:] [d740050f0e32959b,ef3fc74a8d45e5e4] - <==      Total: 1
2018-07-21 09:29:58.738  [http-nio-8083-exec-9] DEBUG [com.mooc.house.user.mapper.UserMapper.selectById:] [d740050f0e32959b,436d93e4b7b47061] - ==>  Preparing: select id, name, phone, email, aboutme, passwd, avatar, type, create_time, enable, agency_id from user where id = ? 
2018-07-21 09:29:58.739  [http-nio-8083-exec-9] DEBUG [com.mooc.house.user.mapper.UserMapper.selectById:] [d740050f0e32959b,436d93e4b7b47061] - ==> Parameters: 25(Long)
2018-07-21 09:29:58.740  [http-nio-8083-exec-9] DEBUG [com.mooc.house.user.mapper.UserMapper.selectById:] [d740050f0e32959b,436d93e4b7b47061] - <==      Total: 1
2018-07-21 09:29:58.755  [http-nio-8083-exec-10] DEBUG [com.mooc.house.user.mapper.UserMapper.selectById:] [d740050f0e32959b,f4c5de3fa8f5160b] - ==>  Preparing: select id, name, phone, email, aboutme, passwd, avatar, type, create_time, enable, agency_id from user where id = ? 
2018-07-21 09:29:58.756  [http-nio-8083-exec-10] DEBUG [com.mooc.house.user.mapper.UserMapper.selectById:] [d740050f0e32959b,f4c5de3fa8f5160b] - ==> Parameters: 7(Long)
2018-07-21 09:29:58.758  [http-nio-8083-exec-10] DEBUG [com.mooc.house.user.mapper.UserMapper.selectById:] [d740050f0e32959b,f4c5de3fa8f5160b] - <==      Total: 1
2018-07-21 09:30:09.475  [http-nio-8083-exec-1] DEBUG [com.mooc.house.user.mapper.UserMapper.select:] [e528bc3e2aa0c96c,5546957cc04ff934] - ==>  Preparing: select id, name, phone, email, aboutme, passwd, avatar, type, create_time, enable, agency_id from user WHERE email = ? 
2018-07-21 09:30:09.475  [http-nio-8083-exec-1] DEBUG [com.mooc.house.user.mapper.UserMapper.select:] [e528bc3e2aa0c96c,5546957cc04ff934] - ==> Parameters: hkruni@163.com(String)
2018-07-21 09:30:09.477  [http-nio-8083-exec-1] DEBUG [com.mooc.house.user.mapper.UserMapper.select:] [e528bc3e2aa0c96c,5546957cc04ff934] - <==      Total: 1
2018-07-21 09:30:11.798  [http-nio-8083-exec-2] DEBUG [com.mooc.house.user.mapper.UserMapper.select:] [3c898482f3fdd92d,74da3d22ac07751d] - ==>  Preparing: select id, name, phone, email, aboutme, passwd, avatar, type, create_time, enable, agency_id from user WHERE email = ? 
2018-07-21 09:30:11.799  [http-nio-8083-exec-2] DEBUG [com.mooc.house.user.mapper.UserMapper.select:] [3c898482f3fdd92d,74da3d22ac07751d] - ==> Parameters: hkruni@163.com(String)
2018-07-21 09:30:11.800  [http-nio-8083-exec-2] DEBUG [com.mooc.house.user.mapper.UserMapper.select:] [3c898482f3fdd92d,74da3d22ac07751d] - <==      Total: 1
2018-07-21 09:30:11.889  [http-nio-8083-exec-5] DEBUG [com.mooc.house.user.mapper.AgencyMapper.selectAgent:] [3c898482f3fdd92d,19420b7e8b106841] - ==>  Preparing: select id, name, phone, email, aboutme, passwd, avatar, type, create_time, enable, agency_id from user WHERE enable = 1 and type = 2 and id = ? order by id desc limit ?, ? 
2018-07-21 09:30:11.890  [http-nio-8083-exec-5] DEBUG [com.mooc.house.user.mapper.AgencyMapper.selectAgent:] [3c898482f3fdd92d,19420b7e8b106841] - ==> Parameters: 25(Long), 0(Integer), 1(Integer)
2018-07-21 09:30:11.891  [http-nio-8083-exec-5] DEBUG [com.mooc.house.user.mapper.AgencyMapper.selectAgent:] [3c898482f3fdd92d,19420b7e8b106841] - <==      Total: 0
